<?xml version="1.0" encoding="UTF-8"?>
<!-- Generated by org.testng.reporters.JUnitReportReporter -->
<testsuite skipped="0" hostname="DESKTOP-ADH14IP" name="suiteA.PilotProject" tests="1" failures="0" timestamp="2021-02-28T14:42:36 IST" time="8.785" errors="0">
  <testcase name="login" time="8.785" classname="suiteA.PilotProject"/>
</testsuite> <!-- suiteA.PilotProject -->
