<?xml version="1.0" encoding="UTF-8"?>
<!-- Generated by org.testng.reporters.JUnitReportReporter -->
<testsuite skipped="1" hostname="DESKTOP-ADH14IP" name="suiteA.TestA" tests="1" failures="0" timestamp="2021-04-13T16:18:35 IST" time="0.000" errors="0">
  <testcase name="testA" time="0.000" classname="suiteA.TestA">
    <skipped/>
  </testcase> <!-- testA -->
</testsuite> <!-- suiteA.TestA -->
