<?xml version="1.0" encoding="UTF-8"?>
<!-- Generated by org.testng.reporters.JUnitReportReporter -->
<testsuite skipped="1" hostname="DESKTOP-ADH14IP" name="suiteA.TestAA" tests="1" failures="0" timestamp="2021-04-13T16:18:35 IST" time="0.000" errors="0">
  <testcase name="testAA" time="0.000" classname="suiteA.TestAA">
    <skipped/>
  </testcase> <!-- testAA -->
</testsuite> <!-- suiteA.TestAA -->
