<?xml version="1.0" encoding="UTF-8"?>
<!-- Generated by org.testng.reporters.JUnitReportReporter -->
<testsuite skipped="0" hostname="DESKTOP-ADH14IP" name="suiteA.PilotProject" tests="1" failures="0" timestamp="2021-02-26T11:12:49 IST" time="12.292" errors="0">
  <testcase name="appTest" time="12.292" classname="suiteA.PilotProject"/>
</testsuite> <!-- suiteA.PilotProject -->
