<?xml version="1.0" encoding="UTF-8"?>
<!-- Generated by org.testng.reporters.JUnitReportReporter -->
<testsuite skipped="0" hostname="DESKTOP-ADH14IP" name="suiteA.TestA" tests="2" failures="0" timestamp="2021-02-28T17:48:11 IST" time="0.632" errors="0">
  <testcase name="testA" time="0.015" classname="suiteA.TestA"/>
  <testcase name="testA" time="0.617" classname="suiteA.TestA"/>
</testsuite> <!-- suiteA.TestA -->
