<?xml version="1.0" encoding="UTF-8"?>
<!-- Generated by org.testng.reporters.JUnitReportReporter -->
<testsuite skipped="0" hostname="DESKTOP-ADH14IP" name="suiteA.TestA" tests="2" failures="0" timestamp="2021-04-13T16:36:27 IST" time="0.973" errors="0">
  <testcase name="testA" time="0.939" classname="suiteA.TestA"/>
  <testcase name="testA" time="0.034" classname="suiteA.TestA"/>
</testsuite> <!-- suiteA.TestA -->
