<?xml version="1.0" encoding="UTF-8"?>
<!-- Generated by org.testng.reporters.JUnitReportReporter -->
<testsuite skipped="0" hostname="DESKTOP-ADH14IP" name="com.pilot.testcases.VerifyPilotNameEmail" tests="1" failures="0" timestamp="2021-04-14T17:02:09 IST" time="60.286" errors="0">
  <testcase name="verifyPiloNameEmail" time="60.286" classname="com.pilot.testcases.VerifyPilotNameEmail"/>
</testsuite> <!-- com.pilot.testcases.VerifyPilotNameEmail -->
