<?xml version="1.0" encoding="UTF-8"?>
<!-- Generated by org.testng.reporters.JUnitReportReporter -->
<testsuite skipped="0" hostname="DESKTOP-ADH14IP" name="com.pilot.testcases.VerifyMobile" tests="1" failures="0" timestamp="2021-04-13T20:38:43 IST" time="9.439" errors="0">
  <testcase name="verifyPilomobile" time="9.439" classname="com.pilot.testcases.VerifyMobile"/>
</testsuite> <!-- com.pilot.testcases.VerifyMobile -->
