<?xml version="1.0" encoding="UTF-8"?>
<!-- Generated by org.testng.reporters.JUnitReportReporter -->
<testsuite skipped="0" hostname="DESKTOP-ADH14IP" name="com.pilot.testcases.VerifyDescription" tests="1" failures="0" timestamp="2021-04-13T20:38:43 IST" time="9.151" errors="0">
  <testcase name="verifyDescription" time="9.151" classname="com.pilot.testcases.VerifyDescription"/>
</testsuite> <!-- com.pilot.testcases.VerifyDescription -->
